[09:48:42] [main/INFO] (FabricLoader/GameProvider) Loading Minecraft 1.20.1 with Fabric Loader 0.14.21
[09:48:42] [main/INFO] (FabricLoader) Loading 46 mods:
	- fabric-api 0.83.1+1.20.1
	- fabric-api-base 0.4.29+b04edc7a77
	- fabric-api-lookup-api-v1 1.6.34+4d8536c977
	- fabric-biome-api-v1 13.0.10+b3afc78b77
	- fabric-block-api-v1 1.0.9+e022e5d177
	- fabric-blockrenderlayer-v1 1.1.39+b3afc78b77
	- fabric-client-tags-api-v1 1.0.20+b3afc78b77
	- fabric-command-api-v2 2.2.11+b3afc78b77
	- fabric-content-registries-v0 4.0.7+b3afc78b77
	- fabric-convention-tags-v1 1.5.3+b3afc78b77
	- fabric-crash-report-info-v1 0.2.18+aeb40ebe77
	- fabric-data-generation-api-v1 12.1.11+b3afc78b77
	- fabric-dimensions-v1 2.1.51+b3afc78b77
	- fabric-entity-events-v1 1.5.21+b3afc78b77
	- fabric-events-interaction-v0 0.6.0+b3afc78b77
	- fabric-game-rule-api-v1 1.0.38+b04edc7a77
	- fabric-gametest-api-v1 1.2.10+b3afc78b77
	- fabric-item-api-v1 2.1.26+b3afc78b77
	- fabric-item-group-api-v1 4.0.7+b3afc78b77
	- fabric-key-binding-api-v1 1.0.36+fb8d95da77
	- fabric-lifecycle-events-v1 2.2.20+b3afc78b77
	- fabric-loot-api-v2 1.1.37+b3afc78b77
	- fabric-message-api-v1 5.1.6+b3afc78b77
	- fabric-mining-level-api-v1 2.1.47+b3afc78b77
	- fabric-models-v0 0.3.35+b3afc78b77
	- fabric-networking-api-v1 1.3.8+b3afc78b77
	- fabric-object-builder-api-v1 11.0.6+b3afc78b77
	- fabric-particles-v1 1.0.28+b3afc78b77
	- fabric-recipe-api-v1 1.0.18+b3afc78b77
	- fabric-registry-sync-v0 2.2.6+b3afc78b77
	- fabric-renderer-api-v1 3.0.1+b3afc78b77
	- fabric-renderer-indigo 1.3.1+b3afc78b77
	- fabric-rendering-data-attachment-v1 0.3.33+b3afc78b77
	- fabric-rendering-fluids-v1 3.0.26+b3afc78b77
	- fabric-rendering-v1 3.0.6+b3afc78b77
	- fabric-resource-conditions-api-v1 2.3.5+ea08f9d877
	- fabric-resource-loader-v0 0.11.7+f7923f6d77
	- fabric-screen-api-v1 2.0.6+b3afc78b77
	- fabric-screen-handler-api-v1 1.3.27+b3afc78b77
	- fabric-sound-api-v1 1.0.12+b3afc78b77
	- fabric-transfer-api-v1 3.2.2+b3afc78b77
	- fabric-transitive-access-wideners-v1 4.2.0+b3afc78b77
	- fabricloader 0.14.21
	- java 17
	- minecraft 1.20.1
	- vsfmod 1.0.0
[09:48:43] [main/INFO] (FabricLoader/Mixin) SpongePowered MIXIN Subsystem Version=0.8.5 Source=file:/Users/28kryger_r/.mcreator/gradle/caches/modules-2/files-2.1/net.fabricmc/sponge-mixin/0.12.5+mixin.0.8.5/8d31fb97c3e0cd7c8dad3441851c523bcfae6d8e/sponge-mixin-0.12.5+mixin.0.8.5.jar Service=Knot/Fabric Env=CLIENT
[09:48:43] [main/INFO] (FabricLoader/Mixin) Loaded Fabric development mappings for mixin remapper!
[09:48:43] [main/INFO] (FabricLoader/Mixin) Compatibility level set to JAVA_16
[09:48:43] [main/INFO] (FabricLoader/Mixin) Compatibility level set to JAVA_17
[09:48:58] [Datafixer Bootstrap/INFO] (Minecraft) 188 Datafixer optimizations took 434 milliseconds
[09:49:06] [Render thread/INFO] (Minecraft) Environment: authHost='https://authserver.mojang.com', accountsHost='https://api.mojang.com', sessionHost='https://sessionserver.mojang.com', servicesHost='https://api.minecraftservices.com', name='PROD'
[09:49:07] [Render thread/ERROR] (Minecraft) Failed to verify authentication
com.mojang.authlib.exceptions.InvalidCredentialsException: Status: 401
	at com.mojang.authlib.exceptions.MinecraftClientHttpException.toAuthenticationException(MinecraftClientHttpException.java:56) ~[authlib-4.0.43.jar:?]
	at com.mojang.authlib.yggdrasil.YggdrasilUserApiService.fetchProperties(YggdrasilUserApiService.java:156) ~[authlib-4.0.43.jar:?]
	at com.mojang.authlib.yggdrasil.YggdrasilUserApiService.<init>(YggdrasilUserApiService.java:55) ~[authlib-4.0.43.jar:?]
	at com.mojang.authlib.yggdrasil.YggdrasilAuthenticationService.createUserApiService(YggdrasilAuthenticationService.java:124) ~[authlib-4.0.43.jar:?]
	at net.minecraft.client.Minecraft.createUserApiService(Minecraft.java:637) ~[minecraft-merged-66856f620e-1.20.1-loom.mappings.1_20_1.layered+hash.2198-v2.jar:?]
	at net.minecraft.client.Minecraft.<init>(Minecraft.java:432) ~[minecraft-merged-66856f620e-1.20.1-loom.mappings.1_20_1.layered+hash.2198-v2.jar:?]
	at net.minecraft.client.main.Main.main(Main.java:190) ~[minecraft-merged-66856f620e-1.20.1-loom.mappings.1_20_1.layered+hash.2198-v2.jar:?]
	at net.fabricmc.loader.impl.game.minecraft.MinecraftGameProvider.launch(MinecraftGameProvider.java:468) ~[fabric-loader-0.14.21.jar:?]
	at net.fabricmc.loader.impl.launch.knot.Knot.launch(Knot.java:74) ~[fabric-loader-0.14.21.jar:?]
	at net.fabricmc.loader.impl.launch.knot.KnotClient.main(KnotClient.java:23) ~[fabric-loader-0.14.21.jar:?]
	at net.fabricmc.devlaunchinjector.Main.main(Main.java:86) ~[dev-launch-injector-0.2.1+build.8.jar:?]
Caused by: com.mojang.authlib.exceptions.MinecraftClientHttpException: Status: 401
	at com.mojang.authlib.minecraft.client.MinecraftClient.readInputStream(MinecraftClient.java:85) ~[authlib-4.0.43.jar:?]
	at com.mojang.authlib.minecraft.client.MinecraftClient.get(MinecraftClient.java:48) ~[authlib-4.0.43.jar:?]
	at com.mojang.authlib.yggdrasil.YggdrasilUserApiService.fetchProperties(YggdrasilUserApiService.java:129) ~[authlib-4.0.43.jar:?]
	... 9 more
[09:49:07] [Render thread/INFO] (Minecraft) Setting user: Player959
[09:49:07] [Render thread/INFO] (VsfmodMod) Initializing VsfmodMod
[09:49:08] [Render thread/INFO] (Indigo) [Indigo] Registering Indigo renderer!
[09:49:09] [Render thread/INFO] (Minecraft) Backend library: LWJGL version 3.3.1 SNAPSHOT
[09:49:12] [Render thread/INFO] (Minecraft) Reloading ResourceManager: vanilla, fabric (fabric-crash-report-info-v1, fabric-transfer-api-v1, fabric-resource-loader-v0, fabric-api-lookup-api-v1, fabric-screen-handler-api-v1, fabric-biome-api-v1, fabric-rendering-v1, fabric-game-rule-api-v1, fabric-object-builder-api-v1, fabric-convention-tags-v1, fabric-message-api-v1, fabric-data-generation-api-v1, fabric-loot-api-v2, fabric-content-registries-v0, fabric-entity-events-v1, fabric-item-group-api-v1, fabric-blockrenderlayer-v1, vsfmod, fabric-rendering-fluids-v1, fabric-command-api-v2, fabric-gametest-api-v1, fabric-lifecycle-events-v1, fabric-api, fabric-resource-conditions-api-v1, fabric-models-v0, fabric-client-tags-api-v1, fabric-key-binding-api-v1, fabric-mining-level-api-v1, fabric-events-interaction-v0, fabric-renderer-indigo, fabric-transitive-access-wideners-v1, fabricloader, fabric-screen-api-v1, fabric-rendering-data-attachment-v1, fabric-networking-api-v1, fabric-particles-v1, fabric-registry-sync-v0, fabric-recipe-api-v1, fabric-block-api-v1, fabric-item-api-v1, fabric-renderer-api-v1, fabric-dimensions-v1, fabric-api-base, fabric-sound-api-v1)
[09:49:12] [Worker-Main-1/INFO] (Minecraft) Found unifont_all_no_pua-15.0.06.hex, loading
[09:49:12] [Realms Notification Availability checker #1/INFO] (Minecraft) Could not authorize you against Realms server: Invalid session id
[09:49:21] [Render thread/WARN] (Minecraft) Missing sound for event: minecraft:item.goat_horn.play
[09:49:21] [Render thread/WARN] (Minecraft) Missing sound for event: minecraft:entity.goat.screaming.horn_break
[09:49:21] [Render thread/INFO] (Minecraft) OpenAL initialized on device CoreAudio Default
[09:49:21] [Render thread/INFO] (Minecraft) Sound engine started
[09:49:21] [Render thread/INFO] (Minecraft) Created: 1024x512x4 minecraft:textures/atlas/blocks.png-atlas
[09:49:21] [Render thread/INFO] (Minecraft) Created: 256x256x4 minecraft:textures/atlas/signs.png-atlas
[09:49:21] [Render thread/INFO] (Minecraft) Created: 512x512x4 minecraft:textures/atlas/banner_patterns.png-atlas
[09:49:21] [Render thread/INFO] (Minecraft) Created: 512x512x4 minecraft:textures/atlas/shield_patterns.png-atlas
[09:49:21] [Render thread/INFO] (Minecraft) Created: 1024x1024x4 minecraft:textures/atlas/armor_trims.png-atlas
[09:49:21] [Render thread/INFO] (Minecraft) Created: 256x256x4 minecraft:textures/atlas/chest.png-atlas
[09:49:21] [Render thread/INFO] (Minecraft) Created: 128x64x4 minecraft:textures/atlas/decorated_pot.png-atlas
[09:49:21] [Render thread/INFO] (Minecraft) Created: 512x256x4 minecraft:textures/atlas/beds.png-atlas
[09:49:21] [Render thread/INFO] (Minecraft) Created: 512x256x4 minecraft:textures/atlas/shulker_boxes.png-atlas
[09:49:22] [Render thread/WARN] (Minecraft) Shader rendertype_entity_translucent_emissive could not find sampler named Sampler2 in the specified shader program.
[09:49:23] [Render thread/INFO] (Minecraft) Created: 256x256x0 minecraft:textures/atlas/particles.png-atlas
[09:49:23] [Render thread/INFO] (Minecraft) Created: 256x256x0 minecraft:textures/atlas/paintings.png-atlas
[09:49:23] [Render thread/INFO] (Minecraft) Created: 128x128x0 minecraft:textures/atlas/mob_effects.png-atlas
[09:49:34] [Render thread/INFO] (Minecraft) Loaded 7 recipes
[09:49:34] [Render thread/INFO] (Minecraft) Loaded 1271 advancements
[09:49:37] [Render thread/INFO] (BiomeModificationImpl) Applied 0 biome modifications to 0 of 64 new biomes in 8.697 ms
[09:49:37] [Server thread/INFO] (Minecraft) Starting integrated minecraft server version 1.20.1
[09:49:37] [Server thread/INFO] (Minecraft) Generating keypair
[09:49:57] [Server thread/INFO] (Minecraft) Preparing start region for dimension minecraft:overworld
[09:50:17] [Render thread/INFO] (Minecraft) Preparing spawn area: 0%
[09:50:19] [Render thread/INFO] (Minecraft) Preparing spawn area: 0%
[09:50:20] [Render thread/INFO] (Minecraft) Preparing spawn area: 0%
[09:50:20] [Render thread/INFO] (Minecraft) Preparing spawn area: 0%
[09:50:21] [Render thread/INFO] (Minecraft) Preparing spawn area: 0%
[09:50:22] [Render thread/INFO] (Minecraft) Preparing spawn area: 0%
[09:50:22] [Render thread/INFO] (Minecraft) Preparing spawn area: 0%
[09:50:23] [Render thread/INFO] (Minecraft) Preparing spawn area: 0%
[09:50:23] [Render thread/INFO] (Minecraft) Preparing spawn area: 0%
[09:50:23] [Render thread/INFO] (Minecraft) Preparing spawn area: 0%
[09:50:25] [Render thread/INFO] (Minecraft) Preparing spawn area: 0%
[09:50:25] [Render thread/INFO] (Minecraft) Preparing spawn area: 0%
[09:50:26] [Render thread/INFO] (Minecraft) Preparing spawn area: 0%
[09:50:26] [Render thread/INFO] (Minecraft) Preparing spawn area: 0%
[09:50:26] [Render thread/INFO] (Minecraft) Preparing spawn area: 0%
[09:50:26] [Render thread/INFO] (Minecraft) Preparing spawn area: 0%
[09:50:27] [Render thread/INFO] (Minecraft) Preparing spawn area: 0%
[09:50:27] [Render thread/INFO] (Minecraft) Preparing spawn area: 0%
[09:50:27] [Render thread/INFO] (Minecraft) Preparing spawn area: 0%
[09:50:27] [Render thread/INFO] (Minecraft) Preparing spawn area: 0%
[09:50:28] [Render thread/INFO] (Minecraft) Preparing spawn area: 0%
[09:50:28] [Render thread/INFO] (Minecraft) Preparing spawn area: 0%
[09:50:28] [Render thread/INFO] (Minecraft) Preparing spawn area: 0%
[09:50:29] [Render thread/INFO] (Minecraft) Preparing spawn area: 0%
[09:50:29] [Render thread/INFO] (Minecraft) Preparing spawn area: 0%
[09:50:29] [Render thread/INFO] (Minecraft) Preparing spawn area: 0%
[09:50:29] [Render thread/INFO] (Minecraft) Preparing spawn area: 0%
[09:50:29] [Render thread/INFO] (Minecraft) Preparing spawn area: 0%
[09:50:29] [Render thread/INFO] (Minecraft) Preparing spawn area: 0%
[09:50:29] [Render thread/INFO] (Minecraft) Preparing spawn area: 0%
[09:50:29] [Render thread/INFO] (Minecraft) Preparing spawn area: 0%
[09:50:30] [Render thread/INFO] (Minecraft) Preparing spawn area: 0%
[09:50:30] [Render thread/INFO] (Minecraft) Preparing spawn area: 0%
[09:50:30] [Render thread/INFO] (Minecraft) Preparing spawn area: 0%
[09:50:30] [Render thread/INFO] (Minecraft) Preparing spawn area: 0%
[09:50:30] [Render thread/INFO] (Minecraft) Preparing spawn area: 0%
[09:50:30] [Render thread/INFO] (Minecraft) Preparing spawn area: 0%
[09:50:30] [Render thread/INFO] (Minecraft) Preparing spawn area: 0%
[09:50:30] [Render thread/INFO] (Minecraft) Preparing spawn area: 0%
[09:50:30] [Render thread/INFO] (Minecraft) Preparing spawn area: 0%
[09:50:30] [Render thread/INFO] (Minecraft) Preparing spawn area: 0%
[09:50:30] [Render thread/INFO] (Minecraft) Preparing spawn area: 0%
[09:50:30] [Render thread/INFO] (Minecraft) Preparing spawn area: 0%
[09:50:30] [Render thread/INFO] (Minecraft) Preparing spawn area: 0%
[09:50:30] [Render thread/INFO] (Minecraft) Preparing spawn area: 0%
[09:50:30] [Render thread/INFO] (Minecraft) Preparing spawn area: 0%
[09:50:31] [Render thread/INFO] (Minecraft) Preparing spawn area: 0%
[09:50:31] [Render thread/INFO] (Minecraft) Preparing spawn area: 0%
[09:50:31] [Render thread/INFO] (Minecraft) Preparing spawn area: 0%
[09:50:31] [Render thread/INFO] (Minecraft) Preparing spawn area: 0%
[09:50:31] [Render thread/INFO] (Minecraft) Preparing spawn area: 0%
[09:50:31] [Render thread/INFO] (Minecraft) Preparing spawn area: 0%
[09:50:32] [Render thread/INFO] (Minecraft) Preparing spawn area: 0%
[09:50:32] [Render thread/INFO] (Minecraft) Preparing spawn area: 0%
[09:50:32] [Render thread/INFO] (Minecraft) Preparing spawn area: 0%
[09:50:32] [Render thread/INFO] (Minecraft) Preparing spawn area: 0%
[09:50:32] [Render thread/INFO] (Minecraft) Preparing spawn area: 0%
[09:50:32] [Render thread/INFO] (Minecraft) Preparing spawn area: 0%
[09:50:32] [Render thread/INFO] (Minecraft) Preparing spawn area: 0%
[09:50:32] [Render thread/INFO] (Minecraft) Preparing spawn area: 0%
[09:50:32] [Render thread/INFO] (Minecraft) Preparing spawn area: 0%
[09:50:32] [Render thread/INFO] (Minecraft) Preparing spawn area: 0%
[09:50:32] [Render thread/INFO] (Minecraft) Preparing spawn area: 0%
[09:50:32] [Render thread/INFO] (Minecraft) Preparing spawn area: 0%
[09:50:32] [Render thread/INFO] (Minecraft) Preparing spawn area: 0%
[09:50:32] [Render thread/INFO] (Minecraft) Preparing spawn area: 0%
[09:50:32] [Render thread/INFO] (Minecraft) Preparing spawn area: 0%
[09:50:32] [Render thread/INFO] (Minecraft) Preparing spawn area: 0%
[09:50:32] [Render thread/INFO] (Minecraft) Preparing spawn area: 0%
[09:50:32] [Render thread/INFO] (Minecraft) Preparing spawn area: 0%
[09:50:32] [Render thread/INFO] (Minecraft) Preparing spawn area: 0%
[09:50:33] [Render thread/INFO] (Minecraft) Preparing spawn area: 0%
[09:50:33] [Render thread/INFO] (Minecraft) Preparing spawn area: 0%
[09:50:34] [Render thread/INFO] (Minecraft) Preparing spawn area: 0%
[09:50:34] [Render thread/INFO] (Minecraft) Preparing spawn area: 4%
[09:50:35] [Render thread/INFO] (Minecraft) Preparing spawn area: 4%
[09:50:35] [Render thread/INFO] (Minecraft) Preparing spawn area: 4%
[09:50:36] [Render thread/INFO] (Minecraft) Preparing spawn area: 5%
[09:50:36] [Render thread/INFO] (Minecraft) Preparing spawn area: 17%
[09:50:37] [Render thread/INFO] (Minecraft) Preparing spawn area: 25%
[09:50:37] [Render thread/INFO] (Minecraft) Preparing spawn area: 32%
[09:50:38] [Render thread/INFO] (Minecraft) Preparing spawn area: 38%
[09:50:38] [Render thread/INFO] (Minecraft) Preparing spawn area: 45%
[09:50:39] [Render thread/INFO] (Minecraft) Preparing spawn area: 55%
[09:50:39] [Render thread/INFO] (Minecraft) Preparing spawn area: 68%
[09:50:40] [Render thread/INFO] (Minecraft) Preparing spawn area: 70%
[09:50:40] [Render thread/INFO] (Minecraft) Preparing spawn area: 76%
[09:50:41] [Render thread/INFO] (Minecraft) Preparing spawn area: 85%
[09:50:41] [Render thread/INFO] (Minecraft) Preparing spawn area: 88%
[09:50:42] [Render thread/INFO] (Minecraft) Preparing spawn area: 96%
[09:50:43] [Render thread/INFO] (Minecraft) Time elapsed: 45850 ms
[09:50:44] [Server thread/INFO] (Minecraft) Changing view distance to 14, from 10
[09:50:44] [Server thread/INFO] (Minecraft) Changing simulation distance to 12, from 0
[09:50:45] [Server thread/WARN] (Minecraft) Can't keep up! Is the server overloaded? Running 2218ms or 44 ticks behind
[09:50:46] [Server thread/INFO] (Minecraft) Player959[local:E:a3156fe7] logged in with entity id 449 at (-102.61771703437991, 82.0, -56.23379177354482)
[09:50:46] [Server thread/INFO] (Minecraft) Player959 joined the game
[09:50:51] [Render thread/INFO] (Minecraft) Loaded 2 advancements
[09:50:54] [Server thread/INFO] (Minecraft) Saving and pausing game...
[09:50:54] [Server thread/INFO] (Minecraft) Saving chunks for level 'ServerLevel[New World]'/minecraft:overworld
[09:51:21] [Server thread/INFO] (Minecraft) Saving chunks for level 'ServerLevel[New World]'/minecraft:the_end
[09:51:21] [Server thread/INFO] (Minecraft) Saving chunks for level 'ServerLevel[New World]'/minecraft:the_nether
[09:51:21] [Server thread/WARN] (Minecraft) Can't keep up! Is the server overloaded? Running 20632ms or 412 ticks behind
[09:54:44] [Server thread/WARN] (Minecraft) Can't keep up! Is the server overloaded? Running 2030ms or 40 ticks behind
[09:54:48] [Server thread/INFO] (Minecraft) Saving and pausing game...
[09:54:48] [Server thread/INFO] (Minecraft) Saving chunks for level 'ServerLevel[New World]'/minecraft:overworld
[09:54:57] [Server thread/INFO] (Minecraft) Saving chunks for level 'ServerLevel[New World]'/minecraft:the_end
[09:54:57] [Server thread/INFO] (Minecraft) Saving chunks for level 'ServerLevel[New World]'/minecraft:the_nether
[09:55:16] [Server thread/INFO] (Minecraft) Saving and pausing game...
[09:55:16] [Server thread/INFO] (Minecraft) Saving chunks for level 'ServerLevel[New World]'/minecraft:overworld
[09:55:16] [Server thread/INFO] (Minecraft) Saving chunks for level 'ServerLevel[New World]'/minecraft:the_end
[09:55:16] [Server thread/INFO] (Minecraft) Saving chunks for level 'ServerLevel[New World]'/minecraft:the_nether
[09:55:16] [Server thread/WARN] (Minecraft) Can't keep up! Is the server overloaded? Running 17329ms or 346 ticks behind
[09:55:17] [Server thread/INFO] (Minecraft) Player959 lost connection: Disconnected
[09:55:17] [Server thread/INFO] (Minecraft) Player959 left the game
[09:55:17] [Server thread/INFO] (Minecraft) Stopping singleplayer server as player logged out
[09:55:17] [Server thread/INFO] (Minecraft) Stopping server
[09:55:17] [Server thread/INFO] (Minecraft) Saving players
[09:55:17] [Server thread/INFO] (Minecraft) Saving worlds
[09:55:24] [Server thread/INFO] (Minecraft) Saving chunks for level 'ServerLevel[New World]'/minecraft:overworld
[09:55:26] [Server thread/INFO] (Minecraft) Saving chunks for level 'ServerLevel[New World]'/minecraft:the_end
[09:55:26] [Server thread/INFO] (Minecraft) Saving chunks for level 'ServerLevel[New World]'/minecraft:the_nether
[09:55:26] [Server thread/INFO] (Minecraft) ThreadedAnvilChunkStorage (New World): All chunks are saved
[09:55:26] [Server thread/INFO] (Minecraft) ThreadedAnvilChunkStorage (DIM1): All chunks are saved
[09:55:26] [Server thread/INFO] (Minecraft) ThreadedAnvilChunkStorage (DIM-1): All chunks are saved
[09:55:26] [Server thread/INFO] (Minecraft) ThreadedAnvilChunkStorage: All dimensions are saved
[09:55:36] [Render thread/INFO] (Minecraft) Stopping!
